0 info it worked if it ends with ok
1 verbose cli [ '/usr/local/Cellar/node/4.2.1/bin/node',
1 verbose cli   '/usr/local/bin/npm',
1 verbose cli   'install',
1 verbose cli   'bootstrap-sass-official',
1 verbose cli   '--save-dev' ]
2 info using npm@2.14.7
3 info using node@v4.2.1
4 verbose install initial load of /Users/Dan/Documents/gulptest/package.json
5 verbose installManyTop reading scoped package data from /Users/Dan/Documents/gulptest/node_modules/bootstrap/package.json
6 verbose installManyTop reading scoped package data from /Users/Dan/Documents/gulptest/node_modules/browser-sync/package.json
7 verbose installManyTop reading scoped package data from /Users/Dan/Documents/gulptest/node_modules/del/package.json
8 verbose installManyTop reading scoped package data from /Users/Dan/Documents/gulptest/node_modules/gulp/package.json
9 verbose installManyTop reading scoped package data from /Users/Dan/Documents/gulptest/node_modules/gulp-autoprefixer/package.json
10 verbose installManyTop reading scoped package data from /Users/Dan/Documents/gulptest/node_modules/gulp-cache/package.json
11 verbose installManyTop reading scoped package data from /Users/Dan/Documents/gulptest/node_modules/gulp-concat/package.json
12 verbose installManyTop reading scoped package data from /Users/Dan/Documents/gulptest/node_modules/gulp-cssnano/package.json
13 verbose installManyTop reading scoped package data from /Users/Dan/Documents/gulptest/node_modules/gulp-if/package.json
14 verbose installManyTop reading scoped package data from /Users/Dan/Documents/gulptest/node_modules/gulp-imagemin/package.json
15 verbose installManyTop reading scoped package data from /Users/Dan/Documents/gulptest/node_modules/gulp-sass/package.json
16 verbose installManyTop reading scoped package data from /Users/Dan/Documents/gulptest/node_modules/gulp-sourcemaps/package.json
17 verbose installManyTop reading scoped package data from /Users/Dan/Documents/gulptest/node_modules/gulp-uglify/package.json
18 verbose installManyTop reading scoped package data from /Users/Dan/Documents/gulptest/node_modules/gulp-useref/package.json
19 verbose installManyTop reading scoped package data from /Users/Dan/Documents/gulptest/node_modules/gulp-util/package.json
20 verbose installManyTop reading scoped package data from /Users/Dan/Documents/gulptest/node_modules/run-sequence/package.json
21 verbose readDependencies loading dependencies from /Users/Dan/Documents/gulptest/package.json
22 silly cache add args [ 'bootstrap-sass-official', null ]
23 verbose cache add spec bootstrap-sass-official
24 silly cache add parsed spec Result {
24 silly cache add   raw: 'bootstrap-sass-official',
24 silly cache add   scope: null,
24 silly cache add   name: 'bootstrap-sass-official',
24 silly cache add   rawSpec: '',
24 silly cache add   spec: '*',
24 silly cache add   type: 'range' }
25 silly addNamed bootstrap-sass-official@*
26 verbose addNamed "*" is a valid semver range for bootstrap-sass-official
27 silly addNameRange { name: 'bootstrap-sass-official', range: '*', hasData: false }
28 silly mapToRegistry name bootstrap-sass-official
29 silly mapToRegistry using default registry
30 silly mapToRegistry registry https://registry.npmjs.org/
31 silly mapToRegistry uri https://registry.npmjs.org/bootstrap-sass-official
32 verbose addNameRange registry:https://registry.npmjs.org/bootstrap-sass-official not in flight; fetching
33 verbose request uri https://registry.npmjs.org/bootstrap-sass-official
34 verbose request no auth needed
35 info attempt registry request try #1 at 1:38:42 PM
36 verbose request id 1d5ae70591fd92e7
37 http request GET https://registry.npmjs.org/bootstrap-sass-official
38 http 404 https://registry.npmjs.org/bootstrap-sass-official
39 verbose headers { 'content-type': 'application/json',
39 verbose headers   'cache-control': 'max-age=0',
39 verbose headers   'content-length': '2',
39 verbose headers   'accept-ranges': 'bytes',
39 verbose headers   date: 'Tue, 12 Jul 2016 17:38:42 GMT',
39 verbose headers   via: '1.1 varnish',
39 verbose headers   age: '0',
39 verbose headers   connection: 'keep-alive',
39 verbose headers   'x-served-by': 'cache-iad2129-IAD',
39 verbose headers   'x-cache': 'MISS',
39 verbose headers   'x-cache-hits': '0',
39 verbose headers   'x-timer': 'S1468345122.788479,VS0,VE19',
39 verbose headers   vary: 'Accept-Encoding' }
40 silly get cb [ 404,
40 silly get   { 'content-type': 'application/json',
40 silly get     'cache-control': 'max-age=0',
40 silly get     'content-length': '2',
40 silly get     'accept-ranges': 'bytes',
40 silly get     date: 'Tue, 12 Jul 2016 17:38:42 GMT',
40 silly get     via: '1.1 varnish',
40 silly get     age: '0',
40 silly get     connection: 'keep-alive',
40 silly get     'x-served-by': 'cache-iad2129-IAD',
40 silly get     'x-cache': 'MISS',
40 silly get     'x-cache-hits': '0',
40 silly get     'x-timer': 'S1468345122.788479,VS0,VE19',
40 silly get     vary: 'Accept-Encoding' } ]
41 verbose stack Error: Registry returned 404 for GET on https://registry.npmjs.org/bootstrap-sass-official
41 verbose stack     at makeError (/usr/local/lib/node_modules/npm/node_modules/npm-registry-client/lib/request.js:264:12)
41 verbose stack     at CachingRegistryClient.<anonymous> (/usr/local/lib/node_modules/npm/node_modules/npm-registry-client/lib/request.js:242:14)
41 verbose stack     at Request._callback (/usr/local/lib/node_modules/npm/node_modules/npm-registry-client/lib/request.js:172:14)
41 verbose stack     at Request.self.callback (/usr/local/lib/node_modules/npm/node_modules/request/request.js:198:22)
41 verbose stack     at emitTwo (events.js:87:13)
41 verbose stack     at Request.emit (events.js:172:7)
41 verbose stack     at Request.<anonymous> (/usr/local/lib/node_modules/npm/node_modules/request/request.js:1063:14)
41 verbose stack     at emitOne (events.js:82:20)
41 verbose stack     at Request.emit (events.js:169:7)
41 verbose stack     at IncomingMessage.<anonymous> (/usr/local/lib/node_modules/npm/node_modules/request/request.js:1009:12)
42 verbose statusCode 404
43 verbose pkgid bootstrap-sass-official
44 verbose cwd /Users/Dan/Documents/gulptest
45 error Darwin 14.5.0
46 error argv "/usr/local/Cellar/node/4.2.1/bin/node" "/usr/local/bin/npm" "install" "bootstrap-sass-official" "--save-dev"
47 error node v4.2.1
48 error npm  v2.14.7
49 error code E404
50 error 404 Registry returned 404 for GET on https://registry.npmjs.org/bootstrap-sass-official
50 error 404
50 error 404 'bootstrap-sass-official' is not in the npm registry.
50 error 404 You should bug the author to publish it (or use the name yourself!)
50 error 404 It was specified as a dependency of 'gulptest'
50 error 404
50 error 404 Note that you can also install from a
50 error 404 tarball, folder, http url, or git url.
51 verbose exit [ 1, true ]
